<?xml version="1.0" encoding="UTF-8"?>
<!-- Generated by org.testng.reporters.JUnitXMLReporter -->
<testsuite ignored="0" hostname="DESKTOP-3FO53C9" failures="0" tests="4" name="Default test" time="71.541" errors="0" timestamp="2022-12-06T12:53:45 IST">
  <testcase classname="com.crm.TestCases.IndexPageTest" name="Loignclick" time="1.988"/>
  <testcase classname="com.crm.TestCases.IndexPageTest" name="myaccountclik" time="0.056"/>
  <testcase classname="com.crm.TestCases.IndexPageTest" name="shoppingclick" time="0.043"/>
  <testcase classname="com.crm.TestCases.IndexPageTest" name="titleTest" time="0.015"/>
</testsuite> <!-- Default test -->
