<?xml version="1.0" encoding="UTF-8"?>
<!-- Generated by org.testng.reporters.JUnitXMLReporter -->
<testsuite ignored="2" hostname="DESKTOP-3FO53C9" failures="2" tests="2" name="Test" time="0.067" errors="0" timestamp="2022-12-06T12:58:57 IST">
  <testcase classname="com.crm.TestCases.IndexPageTest" name="shoppingclick" time="0.012">
    <failure type="java.lang.NullPointerException" message="Cannot invoke &amp;quot;com.crm.Pages.IndexPage.shoppingcarttest()&amp;quot; because &amp;quot;this.indexpage&amp;quot; is null">
      <![CDATA[java.lang.NullPointerException: Cannot invoke "com.crm.Pages.IndexPage.shoppingcarttest()" because "this.indexpage" is null
at com.crm.TestCases.IndexPageTest.shoppingclick(IndexPageTest.java:47)
at java.base/java.util.ArrayList.forEach(ArrayList.java:1511)
... Removed 27 stack frames]]>
    </failure>
  </testcase> <!-- shoppingclick -->
  <testcase classname="com.crm.TestCases.IndexPageTest" name="titleTest" time="0.002">
    <failure type="java.lang.NullPointerException" message="Cannot invoke &amp;quot;com.crm.Pages.IndexPage.cartTitleTest()&amp;quot; because &amp;quot;this.indexpage&amp;quot; is null">
      <![CDATA[java.lang.NullPointerException: Cannot invoke "com.crm.Pages.IndexPage.cartTitleTest()" because "this.indexpage" is null
at com.crm.TestCases.IndexPageTest.titleTest(IndexPageTest.java:35)
at java.base/java.util.ArrayList.forEach(ArrayList.java:1511)
... Removed 27 stack frames]]>
    </failure>
  </testcase> <!-- titleTest -->
  <testcase classname="com.crm.TestCases.IndexPageTest" name="Loignclick" time="0.0">
    <ignored/>
  </testcase> <!-- Loignclick -->
  <testcase classname="com.crm.TestCases.IndexPageTest" name="myaccountclik" time="0.0">
    <ignored/>
  </testcase> <!-- myaccountclik -->
</testsuite> <!-- Test -->
